[0.757s] Invoking command in '/home/devansh/arduinobot_ws/src/arduinobot_py_examples': PYTHONPATH=/home/devansh/arduinobot_ws/build/arduinobot_py_examples/prefix_override:/usr/lib/python3/dist-packages/colcon_core/task/python/colcon_distutils_commands:/home/devansh/arduinobot_ws/install/arduinobot_py_examples/lib/python3.10/site-packages:${PYTHONPATH} /usr/bin/python3 -W ignore:setup.py install is deprecated -W ignore:easy_install command is deprecated setup.py egg_info --egg-base ../../build/arduinobot_py_examples build --build-base /home/devansh/arduinobot_ws/build/arduinobot_py_examples/build install --record /home/devansh/arduinobot_ws/build/arduinobot_py_examples/install.log --single-version-externally-managed install_data
[1.054s] running egg_info
[1.055s] creating ../../build/arduinobot_py_examples/arduinobot_py_examples.egg-info
[1.055s] writing ../../build/arduinobot_py_examples/arduinobot_py_examples.egg-info/PKG-INFO
[1.055s] writing dependency_links to ../../build/arduinobot_py_examples/arduinobot_py_examples.egg-info/dependency_links.txt
[1.056s] writing entry points to ../../build/arduinobot_py_examples/arduinobot_py_examples.egg-info/entry_points.txt
[1.056s] writing requirements to ../../build/arduinobot_py_examples/arduinobot_py_examples.egg-info/requires.txt
[1.056s] writing top-level names to ../../build/arduinobot_py_examples/arduinobot_py_examples.egg-info/top_level.txt
[1.056s] writing manifest file '../../build/arduinobot_py_examples/arduinobot_py_examples.egg-info/SOURCES.txt'
[1.058s] reading manifest file '../../build/arduinobot_py_examples/arduinobot_py_examples.egg-info/SOURCES.txt'
[1.059s] writing manifest file '../../build/arduinobot_py_examples/arduinobot_py_examples.egg-info/SOURCES.txt'
[1.059s] running build
[1.059s] running build_py
[1.059s] creating /home/devansh/arduinobot_ws/build/arduinobot_py_examples/build
[1.059s] creating /home/devansh/arduinobot_ws/build/arduinobot_py_examples/build/lib
[1.060s] creating /home/devansh/arduinobot_ws/build/arduinobot_py_examples/build/lib/arduinobot_py_examples
[1.060s] copying arduinobot_py_examples/__init__.py -> /home/devansh/arduinobot_ws/build/arduinobot_py_examples/build/lib/arduinobot_py_examples
[1.060s] copying arduinobot_py_examples/simple_publisher.py -> /home/devansh/arduinobot_ws/build/arduinobot_py_examples/build/lib/arduinobot_py_examples
[1.060s] copying arduinobot_py_examples/simple_parameter.py -> /home/devansh/arduinobot_ws/build/arduinobot_py_examples/build/lib/arduinobot_py_examples
[1.060s] copying arduinobot_py_examples/simple_subscriber.py -> /home/devansh/arduinobot_ws/build/arduinobot_py_examples/build/lib/arduinobot_py_examples
[1.060s] running install
[1.060s] running install_lib
[1.061s] creating /home/devansh/arduinobot_ws/install/arduinobot_py_examples/lib/python3.10/site-packages/arduinobot_py_examples
[1.061s] copying /home/devansh/arduinobot_ws/build/arduinobot_py_examples/build/lib/arduinobot_py_examples/__init__.py -> /home/devansh/arduinobot_ws/install/arduinobot_py_examples/lib/python3.10/site-packages/arduinobot_py_examples
[1.061s] copying /home/devansh/arduinobot_ws/build/arduinobot_py_examples/build/lib/arduinobot_py_examples/simple_publisher.py -> /home/devansh/arduinobot_ws/install/arduinobot_py_examples/lib/python3.10/site-packages/arduinobot_py_examples
[1.062s] copying /home/devansh/arduinobot_ws/build/arduinobot_py_examples/build/lib/arduinobot_py_examples/simple_parameter.py -> /home/devansh/arduinobot_ws/install/arduinobot_py_examples/lib/python3.10/site-packages/arduinobot_py_examples
[1.062s] copying /home/devansh/arduinobot_ws/build/arduinobot_py_examples/build/lib/arduinobot_py_examples/simple_subscriber.py -> /home/devansh/arduinobot_ws/install/arduinobot_py_examples/lib/python3.10/site-packages/arduinobot_py_examples
[1.062s] byte-compiling /home/devansh/arduinobot_ws/install/arduinobot_py_examples/lib/python3.10/site-packages/arduinobot_py_examples/__init__.py to __init__.cpython-310.pyc
[1.062s] byte-compiling /home/devansh/arduinobot_ws/install/arduinobot_py_examples/lib/python3.10/site-packages/arduinobot_py_examples/simple_publisher.py to simple_publisher.cpython-310.pyc
[1.063s] byte-compiling /home/devansh/arduinobot_ws/install/arduinobot_py_examples/lib/python3.10/site-packages/arduinobot_py_examples/simple_parameter.py to simple_parameter.cpython-310.pyc
[1.063s] byte-compiling /home/devansh/arduinobot_ws/install/arduinobot_py_examples/lib/python3.10/site-packages/arduinobot_py_examples/simple_subscriber.py to simple_subscriber.cpython-310.pyc
[1.064s] running install_data
[1.064s] creating /home/devansh/arduinobot_ws/install/arduinobot_py_examples/share/ament_index
[1.064s] creating /home/devansh/arduinobot_ws/install/arduinobot_py_examples/share/ament_index/resource_index
[1.064s] creating /home/devansh/arduinobot_ws/install/arduinobot_py_examples/share/ament_index/resource_index/packages
[1.064s] copying resource/arduinobot_py_examples -> /home/devansh/arduinobot_ws/install/arduinobot_py_examples/share/ament_index/resource_index/packages
[1.064s] copying package.xml -> /home/devansh/arduinobot_ws/install/arduinobot_py_examples/share/arduinobot_py_examples
[1.064s] running install_egg_info
[1.066s] Copying ../../build/arduinobot_py_examples/arduinobot_py_examples.egg-info to /home/devansh/arduinobot_ws/install/arduinobot_py_examples/lib/python3.10/site-packages/arduinobot_py_examples-0.0.0-py3.10.egg-info
[1.067s] running install_scripts
[1.089s] Installing simple_parameter script to /home/devansh/arduinobot_ws/install/arduinobot_py_examples/lib/arduinobot_py_examples
[1.089s] Installing simple_publisher script to /home/devansh/arduinobot_ws/install/arduinobot_py_examples/lib/arduinobot_py_examples
[1.089s] Installing simple_subscriber script to /home/devansh/arduinobot_ws/install/arduinobot_py_examples/lib/arduinobot_py_examples
[1.089s] writing list of installed files to '/home/devansh/arduinobot_ws/build/arduinobot_py_examples/install.log'
[1.127s] Invoked command in '/home/devansh/arduinobot_ws/src/arduinobot_py_examples' returned '0': PYTHONPATH=/home/devansh/arduinobot_ws/build/arduinobot_py_examples/prefix_override:/usr/lib/python3/dist-packages/colcon_core/task/python/colcon_distutils_commands:/home/devansh/arduinobot_ws/install/arduinobot_py_examples/lib/python3.10/site-packages:${PYTHONPATH} /usr/bin/python3 -W ignore:setup.py install is deprecated -W ignore:easy_install command is deprecated setup.py egg_info --egg-base ../../build/arduinobot_py_examples build --build-base /home/devansh/arduinobot_ws/build/arduinobot_py_examples/build install --record /home/devansh/arduinobot_ws/build/arduinobot_py_examples/install.log --single-version-externally-managed install_data
