[0.027s] Invoking command in '/home/devansh/arduinobot_ws/build/arduinobot_controller': CMAKE_PREFIX_PATH=/opt/ros/humble /usr/bin/cmake --build /home/devansh/arduinobot_ws/build/arduinobot_controller -- -j12 -l12
[0.059s] -- Found ament_cmake: 1.3.11 (/opt/ros/humble/share/ament_cmake/cmake)
[0.242s] -- Found ament_lint_auto: 0.12.12 (/opt/ros/humble/share/ament_lint_auto/cmake)
[0.368s] -- Added test 'lint_cmake' to check CMake code style
[0.371s] -- Added test 'xmllint' to check XML markup files
[0.373s] -- Configuring done
[0.379s] -- Generating done
[0.386s] -- Build files have been written to: /home/devansh/arduinobot_ws/build/arduinobot_controller
[0.434s] Invoked command in '/home/devansh/arduinobot_ws/build/arduinobot_controller' returned '0': CMAKE_PREFIX_PATH=/opt/ros/humble /usr/bin/cmake --build /home/devansh/arduinobot_ws/build/arduinobot_controller -- -j12 -l12
[0.436s] Invoking command in '/home/devansh/arduinobot_ws/build/arduinobot_controller': CMAKE_PREFIX_PATH=/opt/ros/humble /usr/bin/cmake --install /home/devansh/arduinobot_ws/build/arduinobot_controller
[0.450s] -- Install configuration: ""
[0.450s] -- Installing: /home/devansh/arduinobot_ws/install/arduinobot_controller/share//config
[0.451s] -- Installing: /home/devansh/arduinobot_ws/install/arduinobot_controller/share//config/arduinobot_controllers.yaml
[0.451s] -- Up-to-date: /home/devansh/arduinobot_ws/install/arduinobot_controller/share/ament_index/resource_index/package_run_dependencies/arduinobot_controller
[0.451s] -- Up-to-date: /home/devansh/arduinobot_ws/install/arduinobot_controller/share/ament_index/resource_index/parent_prefix_path/arduinobot_controller
[0.451s] -- Up-to-date: /home/devansh/arduinobot_ws/install/arduinobot_controller/share/arduinobot_controller/environment/ament_prefix_path.sh
[0.451s] -- Installing: /home/devansh/arduinobot_ws/install/arduinobot_controller/share/arduinobot_controller/environment/ament_prefix_path.dsv
[0.451s] -- Up-to-date: /home/devansh/arduinobot_ws/install/arduinobot_controller/share/arduinobot_controller/environment/path.sh
[0.451s] -- Installing: /home/devansh/arduinobot_ws/install/arduinobot_controller/share/arduinobot_controller/environment/path.dsv
[0.452s] -- Up-to-date: /home/devansh/arduinobot_ws/install/arduinobot_controller/share/arduinobot_controller/local_setup.bash
[0.452s] -- Up-to-date: /home/devansh/arduinobot_ws/install/arduinobot_controller/share/arduinobot_controller/local_setup.sh
[0.452s] -- Up-to-date: /home/devansh/arduinobot_ws/install/arduinobot_controller/share/arduinobot_controller/local_setup.zsh
[0.452s] -- Installing: /home/devansh/arduinobot_ws/install/arduinobot_controller/share/arduinobot_controller/local_setup.dsv
[0.452s] -- Installing: /home/devansh/arduinobot_ws/install/arduinobot_controller/share/arduinobot_controller/package.dsv
[0.452s] -- Up-to-date: /home/devansh/arduinobot_ws/install/arduinobot_controller/share/ament_index/resource_index/packages/arduinobot_controller
[0.452s] -- Up-to-date: /home/devansh/arduinobot_ws/install/arduinobot_controller/share/arduinobot_controller/cmake/arduinobot_controllerConfig.cmake
[0.452s] -- Up-to-date: /home/devansh/arduinobot_ws/install/arduinobot_controller/share/arduinobot_controller/cmake/arduinobot_controllerConfig-version.cmake
[0.452s] -- Up-to-date: /home/devansh/arduinobot_ws/install/arduinobot_controller/share/arduinobot_controller/package.xml
[0.485s] Invoked command in '/home/devansh/arduinobot_ws/build/arduinobot_controller' returned '0': CMAKE_PREFIX_PATH=/opt/ros/humble /usr/bin/cmake --install /home/devansh/arduinobot_ws/build/arduinobot_controller
