[0.027s] Invoking command in '/home/devansh/arduinobot_ws/build/arduinobot_controller': CMAKE_PREFIX_PATH=/opt/ros/humble /usr/bin/cmake /home/devansh/arduinobot_ws/src/arduinobot_controller -DCMAKE_INSTALL_PREFIX=/home/devansh/arduinobot_ws/install/arduinobot_controller
[0.146s] -- The C compiler identification is GNU 11.4.0
[0.241s] -- The CXX compiler identification is GNU 11.4.0
[0.253s] -- Detecting C compiler ABI info
[0.344s] -- Detecting C compiler ABI info - done
[0.353s] -- Check for working C compiler: /usr/bin/cc - skipped
[0.353s] -- Detecting C compile features
[0.354s] -- Detecting C compile features - done
[0.357s] -- Detecting CXX compiler ABI info
[0.470s] -- Detecting CXX compiler ABI info - done
[0.479s] -- Check for working CXX compiler: /usr/bin/c++ - skipped
[0.479s] -- Detecting CXX compile features
[0.479s] -- Detecting CXX compile features - done
[0.485s] -- Found ament_cmake: 1.3.11 (/opt/ros/humble/share/ament_cmake/cmake)
[0.655s] -- Found Python3: /usr/bin/python3 (found version "3.10.12") found components: Interpreter 
[0.760s] -- Found ament_lint_auto: 0.12.12 (/opt/ros/humble/share/ament_lint_auto/cmake)
[0.850s] -- Added test 'lint_cmake' to check CMake code style
[0.851s] -- Added test 'xmllint' to check XML markup files
[0.853s] -- Configuring done
[0.856s] -- Generating done
[0.858s] -- Build files have been written to: /home/devansh/arduinobot_ws/build/arduinobot_controller
[0.864s] Invoked command in '/home/devansh/arduinobot_ws/build/arduinobot_controller' returned '0': CMAKE_PREFIX_PATH=/opt/ros/humble /usr/bin/cmake /home/devansh/arduinobot_ws/src/arduinobot_controller -DCMAKE_INSTALL_PREFIX=/home/devansh/arduinobot_ws/install/arduinobot_controller
[0.865s] Invoking command in '/home/devansh/arduinobot_ws/build/arduinobot_controller': CMAKE_PREFIX_PATH=/opt/ros/humble /usr/bin/cmake --build /home/devansh/arduinobot_ws/build/arduinobot_controller -- -j12 -l12
[0.918s] Invoked command in '/home/devansh/arduinobot_ws/build/arduinobot_controller' returned '0': CMAKE_PREFIX_PATH=/opt/ros/humble /usr/bin/cmake --build /home/devansh/arduinobot_ws/build/arduinobot_controller -- -j12 -l12
[0.920s] Invoking command in '/home/devansh/arduinobot_ws/build/arduinobot_controller': CMAKE_PREFIX_PATH=/opt/ros/humble /usr/bin/cmake --install /home/devansh/arduinobot_ws/build/arduinobot_controller
[0.929s] -- Install configuration: ""
[0.929s] -- Installing: /home/devansh/arduinobot_ws/install/arduinobot_controller/share/ament_index/resource_index/package_run_dependencies/arduinobot_controller
[0.929s] -- Installing: /home/devansh/arduinobot_ws/install/arduinobot_controller/share/ament_index/resource_index/parent_prefix_path/arduinobot_controller
[0.930s] -- Installing: /home/devansh/arduinobot_ws/install/arduinobot_controller/share/arduinobot_controller/environment/ament_prefix_path.sh
[0.930s] -- Installing: /home/devansh/arduinobot_ws/install/arduinobot_controller/share/arduinobot_controller/environment/ament_prefix_path.dsv
[0.930s] -- Installing: /home/devansh/arduinobot_ws/install/arduinobot_controller/share/arduinobot_controller/environment/path.sh
[0.930s] -- Installing: /home/devansh/arduinobot_ws/install/arduinobot_controller/share/arduinobot_controller/environment/path.dsv
[0.930s] -- Installing: /home/devansh/arduinobot_ws/install/arduinobot_controller/share/arduinobot_controller/local_setup.bash
[0.931s] -- Installing: /home/devansh/arduinobot_ws/install/arduinobot_controller/share/arduinobot_controller/local_setup.sh
[0.931s] -- Installing: /home/devansh/arduinobot_ws/install/arduinobot_controller/share/arduinobot_controller/local_setup.zsh
[0.931s] -- Installing: /home/devansh/arduinobot_ws/install/arduinobot_controller/share/arduinobot_controller/local_setup.dsv
[0.931s] -- Installing: /home/devansh/arduinobot_ws/install/arduinobot_controller/share/arduinobot_controller/package.dsv
[0.931s] -- Installing: /home/devansh/arduinobot_ws/install/arduinobot_controller/share/ament_index/resource_index/packages/arduinobot_controller
[0.932s] -- Installing: /home/devansh/arduinobot_ws/install/arduinobot_controller/share/arduinobot_controller/cmake/arduinobot_controllerConfig.cmake
[0.932s] -- Installing: /home/devansh/arduinobot_ws/install/arduinobot_controller/share/arduinobot_controller/cmake/arduinobot_controllerConfig-version.cmake
[0.932s] -- Installing: /home/devansh/arduinobot_ws/install/arduinobot_controller/share/arduinobot_controller/package.xml
[0.936s] Invoked command in '/home/devansh/arduinobot_ws/build/arduinobot_controller' returned '0': CMAKE_PREFIX_PATH=/opt/ros/humble /usr/bin/cmake --install /home/devansh/arduinobot_ws/build/arduinobot_controller
