[0.024s] Invoking command in '/home/devansh/arduinobot_ws/build/arduinobot_description': CMAKE_PREFIX_PATH=/opt/ros/humble /usr/bin/cmake --build /home/devansh/arduinobot_ws/build/arduinobot_description -- -j12 -l12
[0.052s] -- Found ament_cmake: 1.3.11 (/opt/ros/humble/share/ament_cmake/cmake)
[0.230s] -- Found ament_lint_auto: 0.12.12 (/opt/ros/humble/share/ament_lint_auto/cmake)
[0.354s] -- Added test 'copyright' to check source files copyright and LICENSE
[0.361s] -- Added test 'flake8' to check Python code syntax and style conventions
[0.362s] -- Added test 'lint_cmake' to check CMake code style
[0.363s] -- Added test 'pep257' to check Python code against some of the docstring style conventions in PEP 257
[0.366s] -- Added test 'xmllint' to check XML markup files
[0.368s] -- Configuring done
[0.381s] -- Generating done
[0.387s] -- Build files have been written to: /home/devansh/arduinobot_ws/build/arduinobot_description
[0.426s] Invoked command in '/home/devansh/arduinobot_ws/build/arduinobot_description' returned '0': CMAKE_PREFIX_PATH=/opt/ros/humble /usr/bin/cmake --build /home/devansh/arduinobot_ws/build/arduinobot_description -- -j12 -l12
[0.429s] Invoking command in '/home/devansh/arduinobot_ws/build/arduinobot_description': CMAKE_PREFIX_PATH=/opt/ros/humble /usr/bin/cmake --install /home/devansh/arduinobot_ws/build/arduinobot_description
[0.442s] -- Install configuration: ""
[0.442s] -- Up-to-date: /home/devansh/arduinobot_ws/install/arduinobot_description/share/arduinobot_description/launch
[0.442s] -- Up-to-date: /home/devansh/arduinobot_ws/install/arduinobot_description/share/arduinobot_description/launch/display.launch.py
[0.442s] -- Installing: /home/devansh/arduinobot_ws/install/arduinobot_description/share/arduinobot_description/launch/gazebo.launch.py
[0.443s] -- Up-to-date: /home/devansh/arduinobot_ws/install/arduinobot_description/share/arduinobot_description/meshes
[0.443s] -- Up-to-date: /home/devansh/arduinobot_ws/install/arduinobot_description/share/arduinobot_description/meshes/right_finger.STL
[0.443s] -- Up-to-date: /home/devansh/arduinobot_ws/install/arduinobot_description/share/arduinobot_description/meshes/forward_drive_arm.STL
[0.443s] -- Up-to-date: /home/devansh/arduinobot_ws/install/arduinobot_description/share/arduinobot_description/meshes/plate.STL
[0.443s] -- Up-to-date: /home/devansh/arduinobot_ws/install/arduinobot_description/share/arduinobot_description/meshes/basement.STL
[0.443s] -- Up-to-date: /home/devansh/arduinobot_ws/install/arduinobot_description/share/arduinobot_description/meshes/triangular_link.STL
[0.443s] -- Up-to-date: /home/devansh/arduinobot_ws/install/arduinobot_description/share/arduinobot_description/meshes/left_finger.STL
[0.444s] -- Up-to-date: /home/devansh/arduinobot_ws/install/arduinobot_description/share/arduinobot_description/meshes/link.STL
[0.444s] -- Up-to-date: /home/devansh/arduinobot_ws/install/arduinobot_description/share/arduinobot_description/meshes/claw_support.STL
[0.444s] -- Up-to-date: /home/devansh/arduinobot_ws/install/arduinobot_description/share/arduinobot_description/meshes/base_plate.STL
[0.444s] -- Up-to-date: /home/devansh/arduinobot_ws/install/arduinobot_description/share/arduinobot_description/meshes/servo_plate.STL
[0.444s] -- Up-to-date: /home/devansh/arduinobot_ws/install/arduinobot_description/share/arduinobot_description/meshes/vertical_drive_arm.STL
[0.444s] -- Up-to-date: /home/devansh/arduinobot_ws/install/arduinobot_description/share/arduinobot_description/meshes/pi_camera.STL
[0.444s] -- Up-to-date: /home/devansh/arduinobot_ws/install/arduinobot_description/share/arduinobot_description/meshes/horizontal_arm.STL
[0.445s] -- Up-to-date: /home/devansh/arduinobot_ws/install/arduinobot_description/share/arduinobot_description/meshes/round_plate.STL
[0.445s] -- Up-to-date: /home/devansh/arduinobot_ws/install/arduinobot_description/share/arduinobot_description/urdf
[0.445s] -- Installing: /home/devansh/arduinobot_ws/install/arduinobot_description/share/arduinobot_description/urdf/arduinobot_gazebo.xacro
[0.445s] -- Up-to-date: /home/devansh/arduinobot_ws/install/arduinobot_description/share/arduinobot_description/urdf/arduinobot.urdf.xacro
[0.445s] -- Up-to-date: /home/devansh/arduinobot_ws/install/arduinobot_description/share/arduinobot_description/urdf/arduinobot_ros2_control.xacro
[0.445s] -- Up-to-date: /home/devansh/arduinobot_ws/install/arduinobot_description/share/arduinobot_description/rviz
[0.445s] -- Up-to-date: /home/devansh/arduinobot_ws/install/arduinobot_description/share/arduinobot_description/rviz/display.rviz
[0.446s] -- Installing: /home/devansh/arduinobot_ws/install/arduinobot_description/share/ament_index/resource_index/package_run_dependencies/arduinobot_description
[0.446s] -- Up-to-date: /home/devansh/arduinobot_ws/install/arduinobot_description/share/ament_index/resource_index/parent_prefix_path/arduinobot_description
[0.446s] -- Up-to-date: /home/devansh/arduinobot_ws/install/arduinobot_description/share/arduinobot_description/environment/ament_prefix_path.sh
[0.446s] -- Installing: /home/devansh/arduinobot_ws/install/arduinobot_description/share/arduinobot_description/environment/ament_prefix_path.dsv
[0.446s] -- Up-to-date: /home/devansh/arduinobot_ws/install/arduinobot_description/share/arduinobot_description/environment/path.sh
[0.446s] -- Installing: /home/devansh/arduinobot_ws/install/arduinobot_description/share/arduinobot_description/environment/path.dsv
[0.446s] -- Up-to-date: /home/devansh/arduinobot_ws/install/arduinobot_description/share/arduinobot_description/local_setup.bash
[0.447s] -- Up-to-date: /home/devansh/arduinobot_ws/install/arduinobot_description/share/arduinobot_description/local_setup.sh
[0.447s] -- Up-to-date: /home/devansh/arduinobot_ws/install/arduinobot_description/share/arduinobot_description/local_setup.zsh
[0.447s] -- Installing: /home/devansh/arduinobot_ws/install/arduinobot_description/share/arduinobot_description/local_setup.dsv
[0.447s] -- Installing: /home/devansh/arduinobot_ws/install/arduinobot_description/share/arduinobot_description/package.dsv
[0.447s] -- Up-to-date: /home/devansh/arduinobot_ws/install/arduinobot_description/share/ament_index/resource_index/packages/arduinobot_description
[0.447s] -- Up-to-date: /home/devansh/arduinobot_ws/install/arduinobot_description/share/arduinobot_description/cmake/arduinobot_descriptionConfig.cmake
[0.447s] -- Up-to-date: /home/devansh/arduinobot_ws/install/arduinobot_description/share/arduinobot_description/cmake/arduinobot_descriptionConfig-version.cmake
[0.447s] -- Installing: /home/devansh/arduinobot_ws/install/arduinobot_description/share/arduinobot_description/package.xml
[0.489s] Invoked command in '/home/devansh/arduinobot_ws/build/arduinobot_description' returned '0': CMAKE_PREFIX_PATH=/opt/ros/humble /usr/bin/cmake --install /home/devansh/arduinobot_ws/build/arduinobot_description
