[0.022s] Invoking command in '/home/devansh/arduinobot_ws/build/arduinobot_cpp_examples': CMAKE_PREFIX_PATH=/opt/ros/humble /usr/bin/cmake --build /home/devansh/arduinobot_ws/build/arduinobot_cpp_examples -- -j12 -l12
[0.163s] [ 66%] Built target simple_publisher
[0.163s] [ 66%] Built target simple_subscriber
[0.164s] [100%] Built target simple_parameter
[0.329s] Invoked command in '/home/devansh/arduinobot_ws/build/arduinobot_cpp_examples' returned '0': CMAKE_PREFIX_PATH=/opt/ros/humble /usr/bin/cmake --build /home/devansh/arduinobot_ws/build/arduinobot_cpp_examples -- -j12 -l12
[0.342s] Invoking command in '/home/devansh/arduinobot_ws/build/arduinobot_cpp_examples': CMAKE_PREFIX_PATH=/opt/ros/humble /usr/bin/cmake --install /home/devansh/arduinobot_ws/build/arduinobot_cpp_examples
[0.353s] -- Install configuration: ""
[0.354s] -- Up-to-date: /home/devansh/arduinobot_ws/install/arduinobot_cpp_examples/lib/arduinobot_cpp_examples/simple_publisher
[0.355s] -- Up-to-date: /home/devansh/arduinobot_ws/install/arduinobot_cpp_examples/lib/arduinobot_cpp_examples/simple_subscriber
[0.356s] -- Up-to-date: /home/devansh/arduinobot_ws/install/arduinobot_cpp_examples/lib/arduinobot_cpp_examples/simple_parameter
[0.356s] -- Up-to-date: /home/devansh/arduinobot_ws/install/arduinobot_cpp_examples/share/ament_index/resource_index/package_run_dependencies/arduinobot_cpp_examples
[0.356s] -- Up-to-date: /home/devansh/arduinobot_ws/install/arduinobot_cpp_examples/share/ament_index/resource_index/parent_prefix_path/arduinobot_cpp_examples
[0.357s] -- Up-to-date: /home/devansh/arduinobot_ws/install/arduinobot_cpp_examples/share/arduinobot_cpp_examples/environment/ament_prefix_path.sh
[0.357s] -- Up-to-date: /home/devansh/arduinobot_ws/install/arduinobot_cpp_examples/share/arduinobot_cpp_examples/environment/ament_prefix_path.dsv
[0.357s] -- Up-to-date: /home/devansh/arduinobot_ws/install/arduinobot_cpp_examples/share/arduinobot_cpp_examples/environment/path.sh
[0.357s] -- Up-to-date: /home/devansh/arduinobot_ws/install/arduinobot_cpp_examples/share/arduinobot_cpp_examples/environment/path.dsv
[0.357s] -- Up-to-date: /home/devansh/arduinobot_ws/install/arduinobot_cpp_examples/share/arduinobot_cpp_examples/local_setup.bash
[0.357s] -- Up-to-date: /home/devansh/arduinobot_ws/install/arduinobot_cpp_examples/share/arduinobot_cpp_examples/local_setup.sh
[0.357s] -- Up-to-date: /home/devansh/arduinobot_ws/install/arduinobot_cpp_examples/share/arduinobot_cpp_examples/local_setup.zsh
[0.358s] -- Up-to-date: /home/devansh/arduinobot_ws/install/arduinobot_cpp_examples/share/arduinobot_cpp_examples/local_setup.dsv
[0.358s] -- Installing: /home/devansh/arduinobot_ws/install/arduinobot_cpp_examples/share/arduinobot_cpp_examples/package.dsv
[0.358s] -- Up-to-date: /home/devansh/arduinobot_ws/install/arduinobot_cpp_examples/share/ament_index/resource_index/packages/arduinobot_cpp_examples
[0.358s] -- Up-to-date: /home/devansh/arduinobot_ws/install/arduinobot_cpp_examples/share/arduinobot_cpp_examples/cmake/arduinobot_cpp_examplesConfig.cmake
[0.358s] -- Up-to-date: /home/devansh/arduinobot_ws/install/arduinobot_cpp_examples/share/arduinobot_cpp_examples/cmake/arduinobot_cpp_examplesConfig-version.cmake
[0.358s] -- Up-to-date: /home/devansh/arduinobot_ws/install/arduinobot_cpp_examples/share/arduinobot_cpp_examples/package.xml
[0.362s] Invoked command in '/home/devansh/arduinobot_ws/build/arduinobot_cpp_examples' returned '0': CMAKE_PREFIX_PATH=/opt/ros/humble /usr/bin/cmake --install /home/devansh/arduinobot_ws/build/arduinobot_cpp_examples
